[2020-02-05 17:21:18] [INFO]: Mercadopago plugin installed in the store
[2020-02-05 15:39:09] [ERROR]: API application_search_owner_id error: 
[2020-02-05 15:39:10] [ERROR]: API get_payment_methods error: neither a public key nor caller id were provided
[2020-02-05 15:39:11] [ERROR]: API get_payment_methods error: neither a public key nor caller id were provided
[2020-02-05 15:39:12] [ERROR]: API get_payment_methods error: neither a public key nor caller id were provided
[2020-02-05 15:39:44] [INFO]: Credentials saved successfully
[2020-02-05 15:40:14] [INFO]: Basic configuration saved successfully
[2020-02-05 15:41:00] [INFO]: Advanced configuration saved successfully
[2020-02-05 16:39:28] [INFO]: Cart id 1 - Preference created successfully
[2020-02-05 16:47:54] [INFO]: Cart id 1 - Preference created successfully
[2020-02-05 19:33:57] [INFO]: Cart id 2 - Preference created successfully
[2020-02-05 19:34:46] [INFO]: Cart id 2 - Preference created successfully
[2020-02-05 19:37:22] [INFO]: Cart id 2 - Preference created successfully
[2020-02-05 19:54:30] [INFO]: Cart id 4 - Preference created successfully
[2020-02-05 20:03:34] [INFO]: Cart id 3 - Preference created successfully
[2020-02-06 01:24:59] [INFO]: Cart id 2 - Preference created successfully
[2020-02-06 10:11:19] [INFO]: Cart id 6 - Preference created successfully
[2020-02-06 16:34:46] [INFO]: Cart id 2 - Preference created successfully
[2020-02-06 16:37:19] [INFO]: Cart id 2 - Preference created successfully
[2020-02-06 16:44:05] [INFO]: Cart id 3 - Preference created successfully
[2020-02-06 16:46:18] [INFO]: Cart id 3 - Preference created successfully
[2020-02-06 16:49:14] [INFO]: Cart id 4 - Preference created successfully
[2020-02-06 16:52:23] [INFO]: Cart id 5 - Preference created successfully
[2020-02-06 17:03:49] [INFO]: Cart id 6 - Preference created successfully
[2020-02-06 17:13:51] [INFO]: Cart id 5 - Preference created successfully
[2020-02-06 17:15:37] [INFO]: Notification received on cart id 5
[2020-02-06 17:15:37] [WARNING]: The order status is the same
[2020-02-06 17:15:38] [INFO]: Notification received on cart id 5
[2020-02-06 17:15:38] [WARNING]: The order status is the same
[2020-02-06 17:15:41] [INFO]: Notification received on cart id 5
[2020-02-06 17:15:41] [ERROR]: The notification does not have the necessary parameters to create an order
[2020-02-06 17:15:41] [INFO]: Notification received on cart id 5
[2020-02-06 17:15:41] [ERROR]: The notification does not have the necessary parameters to create an order
[2020-02-06 17:16:14] [INFO]: Notification received on cart id 5
[2020-02-06 17:16:15] [WARNING]: The order status is the same
[2020-02-06 17:16:15] [INFO]: Notification received on cart id 5
[2020-02-06 17:16:16] [WARNING]: The order status is the same
[2020-02-06 17:17:07] [INFO]: Notification received on cart id 5
[2020-02-06 17:17:07] [ERROR]: The notification does not have the necessary parameters to create an order
[2020-02-06 17:17:07] [INFO]: Notification received on cart id 5
[2020-02-06 17:17:07] [ERROR]: The notification does not have the necessary parameters to create an order
[2020-02-06 17:19:35] [INFO]: Notification received on cart id 5
[2020-02-06 17:19:35] [ERROR]: The notification does not have the necessary parameters to create an order
[2020-02-06 17:19:36] [INFO]: Notification received on cart id 5
[2020-02-06 17:19:36] [ERROR]: The notification does not have the necessary parameters to create an order
[2020-02-06 17:19:56] [INFO]: Notification received on cart id 5
[2020-02-06 17:19:56] [ERROR]: The notification does not have the necessary parameters to create an order
[2020-02-06 17:19:56] [INFO]: Notification received on cart id 5
[2020-02-06 17:19:56] [ERROR]: The notification does not have the necessary parameters to create an order
[2020-02-06 17:35:07] [INFO]: Notification received on cart id 5
[2020-02-06 17:35:07] [WARNING]: The order status is the same
[2020-02-06 17:35:55] [INFO]: Notification received on cart id 5
[2020-02-06 17:35:55] [ERROR]: The notification does not have the necessary parameters to create an order
[2020-02-06 17:36:25] [INFO]: Notification received on cart id 5
[2020-02-06 17:36:25] [WARNING]: The order status is the same
[2020-02-06 17:36:25] [INFO]: Notification received on cart id 5
[2020-02-06 17:36:25] [ERROR]: The notification does not have the necessary parameters to create an order
[2020-02-06 17:38:00] [INFO]: Notification received on cart id 5
[2020-02-06 17:38:00] [ERROR]: The notification does not have the necessary parameters to create an order
[2020-02-06 17:38:03] [INFO]: Notification received on cart id 5
[2020-02-06 17:38:03] [ERROR]: The notification does not have the necessary parameters to create an order
[2020-02-06 18:10:04] [INFO]: Notification received on cart id 5
[2020-02-06 18:10:04] [WARNING]: The order status is the same
[2020-02-06 18:10:04] [INFO]: Notification received on cart id 5
[2020-02-06 18:10:04] [ERROR]: The notification does not have the necessary parameters to create an order
[2020-02-06 18:10:30] [INFO]: Notification received on cart id 5
[2020-02-06 18:10:30] [WARNING]: The order status is the same
[2020-02-06 18:10:31] [INFO]: Notification received on cart id 5
[2020-02-06 18:10:31] [ERROR]: The notification does not have the necessary parameters to create an order
[2020-02-06 18:10:33] [INFO]: Notification received on cart id 5
[2020-02-06 18:10:33] [ERROR]: The notification does not have the necessary parameters to create an order
[2020-02-06 18:10:33] [INFO]: Notification received on cart id 5
[2020-02-06 18:10:33] [ERROR]: The notification does not have the necessary parameters to create an order
[2020-02-07 00:15:07] [INFO]: Notification received on cart id 5
[2020-02-07 00:15:08] [WARNING]: The order status is the same
[2020-02-07 00:15:13] [INFO]: Notification received on cart id 5
[2020-02-07 00:15:13] [ERROR]: The notification does not have the necessary parameters to create an order
[2020-02-07 00:15:17] [INFO]: Notification received on cart id 5
[2020-02-07 00:15:17] [ERROR]: The notification does not have the necessary parameters to create an order
[2020-02-07 00:15:19] [INFO]: Notification received on cart id 5
[2020-02-07 00:15:19] [ERROR]: The notification does not have the necessary parameters to create an order
[2020-02-07 00:15:26] [INFO]: Notification received on cart id 5
[2020-02-07 00:15:26] [ERROR]: The notification does not have the necessary parameters to create an order
[2020-02-07 00:15:29] [INFO]: Notification received on cart id 5
[2020-02-07 00:15:29] [WARNING]: The order status is the same
[2020-02-07 11:31:49] [INFO]: Cart id 10 - Preference created successfully
[2020-02-07 11:33:53] [INFO]: Notification received on cart id 10
[2020-02-07 11:33:53] [WARNING]: The order status is the same
[2020-02-07 11:33:54] [INFO]: Notification received on cart id 10
[2020-02-07 11:33:54] [WARNING]: The order status is the same
[2020-02-07 11:33:56] [INFO]: Notification received on cart id 10
[2020-02-07 11:33:56] [ERROR]: The notification does not have the necessary parameters to create an order
[2020-02-07 11:33:56] [INFO]: Notification received on cart id 10
[2020-02-07 11:33:56] [ERROR]: The notification does not have the necessary parameters to create an order
[2020-02-07 11:34:42] [INFO]: Notification received on cart id 10
[2020-02-07 11:34:42] [ERROR]: The notification does not have the necessary parameters to create an order
[2020-02-07 11:34:43] [INFO]: Notification received on cart id 10
[2020-02-07 11:34:43] [ERROR]: The notification does not have the necessary parameters to create an order
[2020-02-07 11:34:44] [INFO]: Notification received on cart id 10
[2020-02-07 11:34:44] [WARNING]: The order status is the same
[2020-02-07 11:34:45] [INFO]: Notification received on cart id 10
[2020-02-07 11:34:45] [WARNING]: The order status is the same
[2020-02-07 11:50:38] [INFO]: Notification received on cart id 10
[2020-02-07 11:50:38] [WARNING]: The order status is the same
[2020-02-07 11:50:38] [INFO]: Notification received on cart id 10
[2020-02-07 11:50:38] [ERROR]: The notification does not have the necessary parameters to create an order
[2020-02-07 11:50:50] [INFO]: Notification received on cart id 10
[2020-02-07 11:50:50] [ERROR]: The notification does not have the necessary parameters to create an order
[2020-02-07 11:50:50] [INFO]: Notification received on cart id 10
[2020-02-07 11:50:51] [WARNING]: The order status is the same
[2020-02-07 12:15:02] [INFO]: Cart id 10 - Preference created successfully
[2020-02-07 12:16:33] [INFO]: Notification received on cart id 10
[2020-02-07 12:16:34] [WARNING]: The order status is the same
[2020-02-07 12:16:34] [INFO]: Notification received on cart id 10
[2020-02-07 12:16:35] [WARNING]: The order status is the same
[2020-02-07 12:16:37] [INFO]: Notification received on cart id 10
[2020-02-07 12:16:37] [ERROR]: The notification does not have the necessary parameters to create an order
[2020-02-07 12:16:37] [INFO]: Notification received on cart id 10
[2020-02-07 12:16:37] [ERROR]: The notification does not have the necessary parameters to create an order
[2020-02-07 12:17:23] [INFO]: Notification received on cart id 10
[2020-02-07 12:17:24] [WARNING]: The order status is the same
[2020-02-07 12:25:13] [INFO]: Notification received on cart id 10
[2020-02-07 12:25:13] [INFO]: Notification received on cart id 10
[2020-02-07 12:25:13] [ERROR]: The notification does not have the necessary parameters to create an order
[2020-02-07 12:25:13] [WARNING]: The order status is the same
[2020-02-07 12:25:21] [INFO]: Notification received on cart id 10
[2020-02-07 12:25:21] [ERROR]: The notification does not have the necessary parameters to create an order
[2020-02-07 12:25:21] [INFO]: Notification received on cart id 10
[2020-02-07 12:25:22] [WARNING]: The order status is the same
[2020-02-07 12:29:24] [INFO]: Credentials saved successfully
[2020-02-07 12:36:06] [INFO]: Notification received on cart id 10
[2020-02-07 12:36:07] [WARNING]: The order status is the same
[2020-02-07 12:36:07] [INFO]: Notification received on cart id 10
[2020-02-07 12:36:07] [ERROR]: The notification does not have the necessary parameters to create an order
[2020-02-07 12:36:24] [INFO]: Notification received on cart id 10
[2020-02-07 12:36:25] [WARNING]: The order status is the same
[2020-02-07 13:11:05] [INFO]: Notification received on cart id 10
[2020-02-07 13:11:06] [WARNING]: The order status is the same
[2020-02-07 13:11:07] [INFO]: Notification received on cart id 10
[2020-02-07 13:11:07] [ERROR]: The notification does not have the necessary parameters to create an order
[2020-02-07 13:11:29] [INFO]: Notification received on cart id 10
[2020-02-07 13:11:29] [WARNING]: The order status is the same
[2020-02-07 13:18:11] [INFO]: Cart id 11 - Preference created successfully
[2020-02-07 14:43:20] [INFO]: Cart id 14 - Preference created successfully
[2020-02-07 15:15:24] [INFO]: Cart id 15 - Preference created successfully
[2020-02-07 18:30:11] [INFO]: Notification received on cart id 10
[2020-02-07 18:30:11] [ERROR]: The notification does not have the necessary parameters to create an order
[2020-02-07 18:30:14] [INFO]: Notification received on cart id 10
[2020-02-07 18:30:14] [ERROR]: The notification does not have the necessary parameters to create an order
[2020-02-07 18:30:29] [INFO]: Notification received on cart id 10
[2020-02-07 18:30:29] [INFO]: Updated order 1 for the status of 
[2020-02-07 19:15:15] [INFO]: Notification received on cart id 10
[2020-02-07 19:15:15] [INFO]: Updated order 1 for the status of 
[2020-02-07 19:15:32] [INFO]: Notification received on cart id 10
[2020-02-07 19:15:32] [ERROR]: The notification does not have the necessary parameters to create an order
[2020-02-08 03:34:05] [INFO]: Credentials saved successfully
[2020-02-08 04:15:08] [INFO]: Credentials saved successfully
[2020-02-08 18:13:56] [INFO]: Cart id 17 - Preference created successfully
[2020-02-08 18:17:49] [INFO]: Cart id 17 - Preference created successfully
[2020-02-09 00:20:04] [INFO]: Notification received on cart id 5
[2020-02-09 00:20:04] [ERROR]: The notification does not have the necessary parameters to create an order
[2020-02-09 00:20:13] [INFO]: Notification received on cart id 5
[2020-02-09 00:20:13] [ERROR]: The notification does not have the necessary parameters to create an order
[2020-02-09 00:22:09] [INFO]: Notification received on cart id 5
[2020-02-09 00:22:10] [WARNING]: The order status is the same
[2020-02-09 00:22:17] [INFO]: Notification received on cart id 5
[2020-02-09 00:22:17] [ERROR]: The notification does not have the necessary parameters to create an order
[2020-02-09 00:22:18] [INFO]: Notification received on cart id 5
[2020-02-09 00:22:18] [ERROR]: The notification does not have the necessary parameters to create an order
[2020-02-09 10:46:16] [INFO]: Credentials saved successfully
[2020-02-09 10:48:24] [INFO]: Cart id 6 - Preference created successfully
[2020-02-09 12:00:06] [INFO]: Cart id 5 - Preference created successfully
[2020-02-09 12:01:40] [INFO]: Notification received on cart id 5
[2020-02-09 12:01:40] [WARNING]: The order status is the same
[2020-02-09 12:01:40] [INFO]: Notification received on cart id 5
[2020-02-09 12:01:41] [WARNING]: The order status is the same
[2020-02-09 12:01:43] [INFO]: Notification received on cart id 5
[2020-02-09 12:01:43] [ERROR]: The notification does not have the necessary parameters to create an order
[2020-02-09 12:01:43] [INFO]: Notification received on cart id 5
[2020-02-09 12:01:43] [INFO]: Notification received on cart id 5
[2020-02-09 12:01:43] [ERROR]: The notification does not have the necessary parameters to create an order
[2020-02-09 12:01:43] [INFO]: Notification received on cart id 5
[2020-02-09 12:01:43] [ERROR]: The notification does not have the necessary parameters to create an order
[2020-02-09 12:01:43] [INFO]: Notification received on cart id 5
[2020-02-09 12:01:43] [ERROR]: The notification does not have the necessary parameters to create an order
[2020-02-09 12:01:48] [INFO]: Order created successfully on cart id 5
[2020-02-09 12:02:20] [INFO]: Notification received on cart id 5
[2020-02-09 12:02:20] [ERROR]: The notification does not have the necessary parameters to create an order
[2020-02-09 12:02:24] [INFO]: Notification received on cart id 5
[2020-02-09 12:02:24] [ERROR]: The notification does not have the necessary parameters to create an order
[2020-02-09 12:02:34] [INFO]: Notification received on cart id 5
[2020-02-09 12:02:35] [WARNING]: The order status is the same
[2020-02-09 12:20:28] [INFO]: Notification received on cart id 5
[2020-02-09 12:20:28] [ERROR]: The notification does not have the necessary parameters to create an order
[2020-02-09 12:20:28] [INFO]: Notification received on cart id 5
[2020-02-09 12:20:28] [ERROR]: The notification does not have the necessary parameters to create an order
[2020-02-09 12:20:56] [INFO]: Notification received on cart id 5
[2020-02-09 12:20:56] [ERROR]: The notification does not have the necessary parameters to create an order
[2020-02-09 12:55:19] [INFO]: Notification received on cart id 5
[2020-02-09 12:55:19] [INFO]: Notification received on cart id 5
[2020-02-09 12:55:19] [ERROR]: The notification does not have the necessary parameters to create an order
[2020-02-09 12:55:19] [ERROR]: The notification does not have the necessary parameters to create an order
[2020-02-09 12:56:01] [INFO]: Notification received on cart id 5
[2020-02-09 12:56:01] [ERROR]: The notification does not have the necessary parameters to create an order
[2020-02-09 12:56:02] [INFO]: Notification received on cart id 5
[2020-02-09 12:56:02] [ERROR]: The notification does not have the necessary parameters to create an order
[2020-02-09 12:56:12] [INFO]: Notification received on cart id 5
[2020-02-09 12:56:13] [WARNING]: The order status is the same
[2020-02-09 18:35:12] [INFO]: Notification received on cart id 10
[2020-02-09 18:35:12] [ERROR]: The notification does not have the necessary parameters to create an order
[2020-02-09 18:35:12] [INFO]: Notification received on cart id 10
[2020-02-09 18:35:12] [ERROR]: The notification does not have the necessary parameters to create an order
[2020-02-09 19:00:17] [INFO]: Notification received on cart id 5
[2020-02-09 19:00:17] [ERROR]: The notification does not have the necessary parameters to create an order
[2020-02-09 19:00:26] [INFO]: Notification received on cart id 5
[2020-02-09 19:00:26] [ERROR]: The notification does not have the necessary parameters to create an order
[2020-02-09 19:00:27] [INFO]: Notification received on cart id 5
[2020-02-09 19:00:27] [ERROR]: The notification does not have the necessary parameters to create an order
[2020-02-09 19:00:38] [INFO]: Notification received on cart id 5
[2020-02-09 19:00:38] [ERROR]: The notification does not have the necessary parameters to create an order
[2020-02-09 19:01:29] [INFO]: Notification received on cart id 5
[2020-02-09 19:01:30] [INFO]: Updated order 7 for the status of 15
[2020-02-09 19:20:07] [INFO]: Notification received on cart id 10
[2020-02-09 19:20:07] [ERROR]: The notification does not have the necessary parameters to create an order
[2020-02-10 12:06:43] [INFO]: Notification received on cart id 5
[2020-02-10 12:06:43] [INFO]: Notification received on cart id 5
[2020-02-10 12:06:43] [ERROR]: The notification does not have the necessary parameters to create an order
[2020-02-10 12:06:43] [ERROR]: The notification does not have the necessary parameters to create an order
[2020-02-10 12:06:43] [INFO]: Notification received on cart id 5
[2020-02-10 12:06:44] [INFO]: Notification received on cart id 5
[2020-02-10 12:06:44] [ERROR]: The notification does not have the necessary parameters to create an order
[2020-02-10 12:06:44] [INFO]: Notification received on cart id 5
[2020-02-10 12:06:44] [ERROR]: The notification does not have the necessary parameters to create an order
[2020-02-10 12:06:44] [WARNING]: The order status is the same
[2020-02-10 12:06:45] [INFO]: Notification received on cart id 5
[2020-02-10 12:06:45] [WARNING]: The order status is the same
[2020-02-10 12:07:19] [INFO]: Notification received on cart id 5
[2020-02-10 12:07:20] [WARNING]: The order status is the same
[2020-02-10 12:25:18] [INFO]: Notification received on cart id 5
[2020-02-10 12:25:18] [ERROR]: The notification does not have the necessary parameters to create an order
[2020-02-10 12:25:18] [INFO]: Notification received on cart id 5
[2020-02-10 12:25:18] [ERROR]: The notification does not have the necessary parameters to create an order
[2020-02-10 12:25:22] [INFO]: Notification received on cart id 5
[2020-02-10 12:25:23] [WARNING]: The order status is the same
[2020-02-10 12:25:23] [INFO]: Notification received on cart id 5
[2020-02-10 12:25:23] [WARNING]: The order status is the same
[2020-02-10 13:00:16] [INFO]: Notification received on cart id 5
[2020-02-10 13:00:16] [ERROR]: The notification does not have the necessary parameters to create an order
[2020-02-10 13:00:16] [INFO]: Notification received on cart id 5
[2020-02-10 13:00:16] [ERROR]: The notification does not have the necessary parameters to create an order
[2020-02-10 13:00:29] [INFO]: Notification received on cart id 5
[2020-02-10 13:00:29] [WARNING]: The order status is the same
[2020-02-10 13:00:30] [INFO]: Notification received on cart id 5
[2020-02-10 13:00:31] [WARNING]: The order status is the same
[2020-02-10 19:05:30] [INFO]: Notification received on cart id 5
[2020-02-10 19:05:31] [WARNING]: The order status is the same
[2020-02-10 19:05:38] [INFO]: Notification received on cart id 5
[2020-02-10 19:05:38] [WARNING]: The order status is the same
[2020-02-10 19:06:40] [INFO]: Notification received on cart id 5
[2020-02-10 19:06:40] [ERROR]: The notification does not have the necessary parameters to create an order
[2020-02-10 19:06:40] [INFO]: Notification received on cart id 5
[2020-02-10 19:06:40] [ERROR]: The notification does not have the necessary parameters to create an order
[2020-02-11 19:07:12] [INFO]: Notification received on cart id 5
[2020-02-11 19:07:12] [ERROR]: The notification does not have the necessary parameters to create an order
[2020-02-11 19:07:27] [INFO]: Notification received on cart id 5
[2020-02-11 19:07:27] [ERROR]: The notification does not have the necessary parameters to create an order
[2020-02-11 19:07:37] [INFO]: Notification received on cart id 5
[2020-02-11 19:07:37] [ERROR]: The notification does not have the necessary parameters to create an order
[2020-02-12 13:30:14] [INFO]: Cart id 15 - Preference created successfully
[2020-02-12 16:44:50] [INFO]: Cart id 21 - Preference created successfully
[2020-02-12 19:10:03] [INFO]: Notification received on cart id 5
[2020-02-12 19:10:04] [WARNING]: The order status is the same
[2020-02-12 19:10:32] [INFO]: Notification received on cart id 5
[2020-02-12 19:10:32] [ERROR]: The notification does not have the necessary parameters to create an order
[2020-02-12 19:10:33] [INFO]: Notification received on cart id 5
[2020-02-12 19:10:33] [ERROR]: The notification does not have the necessary parameters to create an order
[2020-02-12 19:11:02] [INFO]: Notification received on cart id 5
[2020-02-12 19:11:03] [WARNING]: The order status is the same
[2020-02-13 00:25:09] [INFO]: Notification received on cart id 5
[2020-02-13 00:25:09] [INFO]: Notification received on cart id 5
[2020-02-13 00:25:09] [ERROR]: The notification does not have the necessary parameters to create an order
[2020-02-13 00:25:09] [ERROR]: The notification does not have the necessary parameters to create an order
[2020-02-13 00:26:07] [INFO]: Notification received on cart id 5
[2020-02-13 00:26:08] [WARNING]: The order status is the same
[2020-02-13 18:41:51] [INFO]: Notification received on cart id 10
[2020-02-13 18:41:51] [ERROR]: The notification does not have the necessary parameters to create an order
[2020-02-13 18:41:59] [INFO]: Notification received on cart id 10
[2020-02-13 18:41:59] [ERROR]: The notification does not have the necessary parameters to create an order
[2020-02-13 19:25:14] [INFO]: Notification received on cart id 10
[2020-02-13 19:25:14] [ERROR]: The notification does not have the necessary parameters to create an order
[2020-02-15 19:10:09] [INFO]: Notification received on cart id 5
[2020-02-15 19:10:09] [INFO]: Notification received on cart id 5
[2020-02-15 19:10:09] [ERROR]: The notification does not have the necessary parameters to create an order
[2020-02-15 19:10:09] [ERROR]: The notification does not have the necessary parameters to create an order
[2020-02-15 19:10:35] [INFO]: Notification received on cart id 5
[2020-02-15 19:10:35] [ERROR]: The notification does not have the necessary parameters to create an order
[2020-02-15 19:10:54] [INFO]: Notification received on cart id 5
[2020-02-15 19:10:54] [ERROR]: The notification does not have the necessary parameters to create an order
[2020-02-16 19:15:02] [INFO]: Notification received on cart id 5
[2020-02-16 19:15:02] [WARNING]: The order status is the same
[2020-02-16 19:15:11] [INFO]: Notification received on cart id 5
[2020-02-16 19:15:11] [WARNING]: The order status is the same
[2020-02-16 19:15:42] [INFO]: Notification received on cart id 5
[2020-02-16 19:15:42] [ERROR]: The notification does not have the necessary parameters to create an order
[2020-02-16 19:15:42] [INFO]: Notification received on cart id 5
[2020-02-16 19:15:42] [ERROR]: The notification does not have the necessary parameters to create an order
[2020-02-17 00:30:15] [INFO]: Notification received on cart id 5
[2020-02-17 00:30:16] [WARNING]: The order status is the same
[2020-02-17 00:30:22] [INFO]: Notification received on cart id 5
[2020-02-17 00:30:22] [ERROR]: The notification does not have the necessary parameters to create an order
[2020-02-17 00:30:28] [INFO]: Notification received on cart id 5
[2020-02-17 00:30:28] [ERROR]: The notification does not have the necessary parameters to create an order
[2020-02-17 00:30:28] [INFO]: Notification received on cart id 5
[2020-02-17 00:30:28] [ERROR]: The notification does not have the necessary parameters to create an order
[2020-02-17 00:30:35] [INFO]: Notification received on cart id 5
[2020-02-17 00:30:35] [WARNING]: The order status is the same
[2020-02-17 00:30:51] [INFO]: Notification received on cart id 5
[2020-02-17 00:30:51] [ERROR]: The notification does not have the necessary parameters to create an order
[2020-02-17 18:45:02] [INFO]: Notification received on cart id 10
[2020-02-17 18:45:02] [ERROR]: The notification does not have the necessary parameters to create an order
[2020-02-17 18:45:20] [INFO]: Notification received on cart id 10
[2020-02-17 18:45:20] [ERROR]: The notification does not have the necessary parameters to create an order
[2020-02-17 19:30:22] [INFO]: Notification received on cart id 10
[2020-02-17 19:30:22] [ERROR]: The notification does not have the necessary parameters to create an order
[2020-02-18 19:08:50] [INFO]: Cart id 24 - Preference created successfully
[2020-02-19 19:16:05] [INFO]: Notification received on cart id 5
[2020-02-19 19:16:05] [ERROR]: The notification does not have the necessary parameters to create an order
[2020-02-19 19:16:08] [INFO]: Notification received on cart id 5
[2020-02-19 19:16:08] [ERROR]: The notification does not have the necessary parameters to create an order
[2020-02-19 19:17:45] [INFO]: Notification received on cart id 5
[2020-02-19 19:17:45] [ERROR]: The notification does not have the necessary parameters to create an order
[2020-02-19 19:17:48] [INFO]: Notification received on cart id 5
[2020-02-19 19:17:48] [ERROR]: The notification does not have the necessary parameters to create an order
[2020-02-20 19:20:15] [INFO]: Notification received on cart id 5
[2020-02-20 19:20:15] [INFO]: Notification received on cart id 5
[2020-02-20 19:20:15] [ERROR]: The notification does not have the necessary parameters to create an order
[2020-02-20 19:20:16] [WARNING]: The order status is the same
[2020-02-20 19:21:05] [INFO]: Notification received on cart id 5
[2020-02-20 19:21:05] [ERROR]: The notification does not have the necessary parameters to create an order
[2020-02-20 19:21:14] [INFO]: Notification received on cart id 5
[2020-02-20 19:21:14] [WARNING]: The order status is the same
[2020-02-21 00:35:17] [INFO]: Notification received on cart id 5
[2020-02-21 00:35:18] [WARNING]: The order status is the same
[2020-02-21 00:35:23] [INFO]: Notification received on cart id 5
[2020-02-21 00:35:23] [ERROR]: The notification does not have the necessary parameters to create an order
[2020-02-21 00:35:23] [INFO]: Notification received on cart id 5
[2020-02-21 00:35:23] [ERROR]: The notification does not have the necessary parameters to create an order
[2020-02-21 00:35:24] [INFO]: Notification received on cart id 5
[2020-02-21 00:35:24] [ERROR]: The notification does not have the necessary parameters to create an order
[2020-02-21 00:35:46] [INFO]: Notification received on cart id 5
[2020-02-21 00:35:46] [ERROR]: The notification does not have the necessary parameters to create an order
[2020-02-21 18:50:18] [INFO]: Notification received on cart id 10
[2020-02-21 18:50:18] [ERROR]: The notification does not have the necessary parameters to create an order
[2020-02-21 18:50:19] [INFO]: Notification received on cart id 10
[2020-02-21 18:50:19] [ERROR]: The notification does not have the necessary parameters to create an order
[2020-02-21 19:35:38] [INFO]: Notification received on cart id 10
[2020-02-21 19:35:38] [ERROR]: The notification does not have the necessary parameters to create an order
[2020-02-23 19:20:14] [INFO]: Notification received on cart id 5
[2020-02-23 19:20:14] [ERROR]: The notification does not have the necessary parameters to create an order
[2020-02-23 19:20:16] [INFO]: Notification received on cart id 5
[2020-02-23 19:20:16] [ERROR]: The notification does not have the necessary parameters to create an order
[2020-02-23 19:20:31] [INFO]: Notification received on cart id 5
[2020-02-23 19:20:31] [ERROR]: The notification does not have the necessary parameters to create an order
[2020-02-23 19:20:34] [INFO]: Notification received on cart id 5
[2020-02-23 19:20:34] [ERROR]: The notification does not have the necessary parameters to create an order
[2020-02-24 19:25:08] [INFO]: Notification received on cart id 5
[2020-02-24 19:25:08] [ERROR]: The notification does not have the necessary parameters to create an order
[2020-02-24 19:25:14] [INFO]: Notification received on cart id 5
[2020-02-24 19:25:15] [WARNING]: The order status is the same
[2020-02-24 19:25:23] [INFO]: Notification received on cart id 5
[2020-02-24 19:25:23] [ERROR]: The notification does not have the necessary parameters to create an order
[2020-02-24 19:25:57] [INFO]: Notification received on cart id 5
[2020-02-24 19:25:57] [WARNING]: The order status is the same
[2020-02-25 00:40:15] [INFO]: Notification received on cart id 5
[2020-02-25 00:40:15] [ERROR]: The notification does not have the necessary parameters to create an order
[2020-02-25 00:40:15] [INFO]: Notification received on cart id 5
[2020-02-25 00:40:15] [ERROR]: The notification does not have the necessary parameters to create an order
[2020-02-25 00:40:20] [INFO]: Notification received on cart id 5
[2020-02-25 00:40:20] [ERROR]: The notification does not have the necessary parameters to create an order
[2020-02-25 00:40:21] [INFO]: Notification received on cart id 5
[2020-02-25 00:40:22] [WARNING]: The order status is the same
[2020-02-25 00:40:36] [INFO]: Notification received on cart id 5
[2020-02-25 00:40:36] [ERROR]: The notification does not have the necessary parameters to create an order
[2020-02-25 00:42:40] [INFO]: Notification received on cart id 5
[2020-02-25 00:42:40] [WARNING]: The order status is the same
[2020-02-25 18:57:30] [INFO]: Notification received on cart id 10
[2020-02-25 18:57:30] [INFO]: Notification received on cart id 10
[2020-02-25 18:57:30] [ERROR]: The notification does not have the necessary parameters to create an order
[2020-02-25 18:57:30] [ERROR]: The notification does not have the necessary parameters to create an order
[2020-02-25 19:40:11] [INFO]: Notification received on cart id 10
[2020-02-25 19:40:11] [ERROR]: The notification does not have the necessary parameters to create an order
[2020-02-27 19:25:29] [INFO]: Notification received on cart id 5
[2020-02-27 19:25:29] [ERROR]: The notification does not have the necessary parameters to create an order
[2020-02-27 19:25:38] [INFO]: Notification received on cart id 5
[2020-02-27 19:25:38] [ERROR]: The notification does not have the necessary parameters to create an order
[2020-02-27 19:25:43] [INFO]: Notification received on cart id 5
[2020-02-27 19:25:43] [ERROR]: The notification does not have the necessary parameters to create an order
[2020-02-27 19:25:48] [INFO]: Notification received on cart id 5
[2020-02-27 19:25:48] [ERROR]: The notification does not have the necessary parameters to create an order
[2020-02-28 19:30:28] [INFO]: Notification received on cart id 5
[2020-02-28 19:30:28] [INFO]: Notification received on cart id 5
[2020-02-28 19:30:28] [ERROR]: The notification does not have the necessary parameters to create an order
[2020-02-28 19:30:29] [INFO]: Notification received on cart id 5
[2020-02-28 19:30:29] [ERROR]: The notification does not have the necessary parameters to create an order
[2020-02-28 19:30:29] [WARNING]: The order status is the same
[2020-02-29 00:45:55] [INFO]: Notification received on cart id 5
[2020-02-29 00:45:56] [WARNING]: The order status is the same
[2020-02-29 00:46:30] [INFO]: Notification received on cart id 5
[2020-02-29 00:46:30] [ERROR]: The notification does not have the necessary parameters to create an order
[2020-02-29 00:46:50] [INFO]: Notification received on cart id 5
[2020-02-29 00:46:51] [WARNING]: The order status is the same
[2020-02-29 00:47:14] [INFO]: Notification received on cart id 5
[2020-02-29 00:47:14] [ERROR]: The notification does not have the necessary parameters to create an order
[2020-02-29 00:48:01] [INFO]: Notification received on cart id 5
[2020-02-29 00:48:01] [ERROR]: The notification does not have the necessary parameters to create an order
[2020-02-29 00:48:02] [INFO]: Notification received on cart id 5
[2020-02-29 00:48:02] [ERROR]: The notification does not have the necessary parameters to create an order
[2020-02-29 04:04:17] [INFO]: Cart id 24 - Preference created successfully
[2020-02-29 19:00:56] [INFO]: Notification received on cart id 10
[2020-02-29 19:00:56] [INFO]: Notification received on cart id 10
[2020-02-29 19:00:56] [ERROR]: The notification does not have the necessary parameters to create an order
[2020-02-29 19:00:56] [ERROR]: The notification does not have the necessary parameters to create an order
[2020-02-29 19:45:43] [INFO]: Notification received on cart id 10
[2020-02-29 19:45:43] [ERROR]: The notification does not have the necessary parameters to create an order
[2020-03-02 19:30:01] [INFO]: Notification received on cart id 5
[2020-03-02 19:30:01] [ERROR]: The notification does not have the necessary parameters to create an order
[2020-03-02 19:30:08] [INFO]: Notification received on cart id 5
[2020-03-02 19:30:08] [ERROR]: The notification does not have the necessary parameters to create an order
[2020-03-02 19:30:19] [INFO]: Notification received on cart id 5
[2020-03-02 19:30:19] [ERROR]: The notification does not have the necessary parameters to create an order
[2020-03-02 19:30:33] [INFO]: Notification received on cart id 5
[2020-03-02 19:30:33] [ERROR]: The notification does not have the necessary parameters to create an order
[2020-03-03 19:35:32] [INFO]: Notification received on cart id 5
[2020-03-03 19:35:33] [WARNING]: The order status is the same
[2020-03-03 19:36:30] [INFO]: Notification received on cart id 5
[2020-03-03 19:36:30] [ERROR]: The notification does not have the necessary parameters to create an order
[2020-03-03 19:36:41] [INFO]: Notification received on cart id 5
[2020-03-03 19:36:41] [WARNING]: The order status is the same
[2020-03-03 19:36:41] [INFO]: Notification received on cart id 5
[2020-03-03 19:36:41] [ERROR]: The notification does not have the necessary parameters to create an order
[2020-03-07 17:20:22] [INFO]: Notification received on cart id 5
[2020-03-07 17:20:22] [ERROR]: The notification does not have the necessary parameters to create an order
[2020-03-07 17:20:22] [INFO]: Notification received on cart id 5
[2020-03-07 17:20:22] [ERROR]: The notification does not have the necessary parameters to create an order
[2020-03-07 17:40:46] [INFO]: Notification received on cart id 5
[2020-03-07 17:40:46] [ERROR]: The notification does not have the necessary parameters to create an order
[2020-03-07 18:16:19] [INFO]: Notification received on cart id 5
[2020-03-07 18:16:19] [ERROR]: The notification does not have the necessary parameters to create an order
[2020-03-08 00:21:16] [INFO]: Notification received on cart id 5
[2020-03-08 00:21:16] [ERROR]: The notification does not have the necessary parameters to create an order
[2020-03-08 11:36:11] [INFO]: Notification received on cart id 10
[2020-03-08 11:36:11] [ERROR]: The notification does not have the necessary parameters to create an order
[2020-03-08 11:36:11] [INFO]: Notification received on cart id 10
[2020-03-08 11:36:11] [ERROR]: The notification does not have the necessary parameters to create an order
[2020-03-08 11:55:03] [INFO]: Notification received on cart id 10
[2020-03-08 11:55:03] [ERROR]: The notification does not have the necessary parameters to create an order
[2020-03-08 12:30:06] [INFO]: Notification received on cart id 10
[2020-03-08 12:30:06] [ERROR]: The notification does not have the necessary parameters to create an order
[2020-03-08 18:36:31] [INFO]: Notification received on cart id 10
[2020-03-08 18:36:31] [ERROR]: The notification does not have the necessary parameters to create an order
[2020-03-10 00:26:03] [INFO]: Notification received on cart id 5
[2020-03-10 00:26:03] [ERROR]: The notification does not have the necessary parameters to create an order
[2020-03-10 18:40:25] [INFO]: Notification received on cart id 10
[2020-03-10 18:40:25] [ERROR]: The notification does not have the necessary parameters to create an order
[2020-03-14 00:30:22] [INFO]: Notification received on cart id 5
[2020-03-14 00:30:22] [ERROR]: The notification does not have the necessary parameters to create an order
[2020-03-14 18:45:24] [INFO]: Notification received on cart id 10
[2020-03-14 18:45:24] [ERROR]: The notification does not have the necessary parameters to create an order
[2020-03-18 00:35:10] [INFO]: Notification received on cart id 5
[2020-03-18 00:35:10] [ERROR]: The notification does not have the necessary parameters to create an order
[2020-03-18 18:51:19] [INFO]: Notification received on cart id 10
[2020-03-18 18:51:19] [ERROR]: The notification does not have the necessary parameters to create an order
[2020-03-22 00:40:24] [INFO]: Notification received on cart id 5
[2020-03-22 00:40:24] [ERROR]: The notification does not have the necessary parameters to create an order
[2020-03-22 18:55:41] [INFO]: Notification received on cart id 10
[2020-03-22 18:55:41] [ERROR]: The notification does not have the necessary parameters to create an order
[2020-03-25 15:12:08] [INFO]: Credentials saved successfully
[2020-03-25 15:16:43] [INFO]: Credentials saved successfully
[2020-03-25 15:18:28] [INFO]: Credentials saved successfully
[2020-03-26 17:03:03] [INFO]: Cart id 57 - Preference created successfully
[2020-03-26 17:04:55] [INFO]: Cart id 57 - Preference created successfully
[2020-03-28 17:29:03] [INFO]: Cart id 57 - Preference created successfully
[2020-03-28 17:29:41] [INFO]: Cart id 57 - Preference created successfully
